This is e-pTeX, Version 3.14159265-p3.7-160201-2.6 (utf8.sjis) (TeX Live 2016/W32TeX) (preloaded format=platex 2017.3.29)  27 SEP 2018 20:09
entering extended mode
 restricted \write18 enabled.
 %&-line parsing enabled.
**./table_plot.tex
(./table_plot.tex
pLaTeX2e <2016/11/29> (based on LaTeX2e <2017/01/01> patch level 3)
Babel <3.9r> and hyphenation patterns for 83 language(s) loaded.
(c:/texlive/2016/texmf-dist/tex/latex/extsizes/extarticle.cls
Document Class: extarticle 1996/10/08 v1.0 Non Standard LaTeX document class
(c:/texlive/2016/texmf-dist/tex/latex/base/size10.clo
File: size10.clo 2014/09/29 v1.4h Standard LaTeX file (size option)
)
(c:/texlive/2016/texmf-dist/tex/latex/base/exscale.sty
Package: exscale 2014/09/29 v2.1h Standard LaTeX package exscale
LaTeX Font Info:    Redeclaring symbol font `largesymbols' on input line 57.
LaTeX Font Info:    Overwriting symbol font `largesymbols' in version `normal'
(Font)                  OMX/cmex/m/n --> OMX/cmex/m/n on input line 57.
LaTeX Font Info:    Overwriting symbol font `largesymbols' in version `bold'
(Font)                  OMX/cmex/m/n --> OMX/cmex/m/n on input line 57.
\big@size=\dimen118
)
\c@part=\count82
\c@section=\count83
\c@subsection=\count84
\c@subsubsection=\count85
\c@paragraph=\count86
\c@subparagraph=\count87
\c@figure=\count88
\c@table=\count89
\abovecaptionskip=\skip41
\belowcaptionskip=\skip42
\bibindent=\dimen119
)
(c:/texlive/2016/texmf-dist/tex/latex/geometry/geometry.sty
Package: geometry 2010/09/12 v5.6 Page Geometry

(c:/texlive/2016/texmf-dist/tex/latex/graphics/keyval.sty
Package: keyval 2014/10/28 v1.15 key=value parser (DPC)
\KV@toks@=\toks15
)
(c:/texlive/2016/texmf-dist/tex/generic/oberdiek/ifpdf.sty
Package: ifpdf 2017/03/15 v3.2 Provides the ifpdf switch
)
(c:/texlive/2016/texmf-dist/tex/generic/oberdiek/ifvtex.sty
Package: ifvtex 2016/05/16 v1.6 Detect VTeX and its facilities (HO)
Package ifvtex Info: VTeX not detected.
)
(c:/texlive/2016/texmf-dist/tex/generic/ifxetex/ifxetex.sty
Package: ifxetex 2010/09/12 v0.6 Provides ifxetex conditional
)
\Gm@cnth=\count90
\Gm@cntv=\count91
\c@Gm@tempcnt=\count92
\Gm@bindingoffset=\dimen120
\Gm@wd@mp=\dimen121
\Gm@odd@mp=\dimen122
\Gm@even@mp=\dimen123
\Gm@layoutwidth=\dimen124
\Gm@layoutheight=\dimen125
\Gm@layouthoffset=\dimen126
\Gm@layoutvoffset=\dimen127
\Gm@dimlist=\toks16
)
(c:/texlive/2016/texmf-dist/tex/platex/mymacros/mymacro.sty)
(c:/texlive/2016/texmf-dist/tex/platex/mymacros/document.sty
(c:/texlive/2016/texmf-dist/tex/latex/amsmath/amsmath.sty
Package: amsmath 2016/11/05 v2.16a AMS math features
\@mathmargin=\skip43

For additional information on amsmath, use the `?' option.
(c:/texlive/2016/texmf-dist/tex/latex/amsmath/amstext.sty
Package: amstext 2000/06/29 v2.01 AMS text

(c:/texlive/2016/texmf-dist/tex/latex/amsmath/amsgen.sty
File: amsgen.sty 1999/11/30 v2.0 generic functions
\@emptytoks=\toks17
\ex@=\dimen128
))
(c:/texlive/2016/texmf-dist/tex/latex/amsmath/amsbsy.sty
Package: amsbsy 1999/11/29 v1.2d Bold Symbols
\pmbraise@=\dimen129
)
(c:/texlive/2016/texmf-dist/tex/latex/amsmath/amsopn.sty
Package: amsopn 2016/03/08 v2.02 operator names
)
\inf@bad=\count93
LaTeX Info: Redefining \frac on input line 213.
\uproot@=\count94
\leftroot@=\count95
LaTeX Info: Redefining \overline on input line 375.
\classnum@=\count96
\DOTSCASE@=\count97
LaTeX Info: Redefining \ldots on input line 472.
LaTeX Info: Redefining \dots on input line 475.
LaTeX Info: Redefining \cdots on input line 596.
\Mathstrutbox@=\box41
\strutbox@=\box42
\big@size=\dimen130
LaTeX Font Info:    Redeclaring font encoding OML on input line 712.
LaTeX Font Info:    Redeclaring font encoding OMS on input line 713.
\macc@depth=\count98
\c@MaxMatrixCols=\count99
\dotsspace@=\muskip10
\c@parentequation=\count100
\dspbrk@lvl=\count101
\tag@help=\toks18
\row@=\count102
\column@=\count103
\maxfields@=\count104
\andhelp@=\toks19
\eqnshift@=\dimen131
\alignsep@=\dimen132
\tagshift@=\dimen133
\tagwidth@=\dimen134
\totwidth@=\dimen135
\lineht@=\dimen136
\@envbody=\toks20
\multlinegap=\skip44
\multlinetaggap=\skip45
\mathdisplay@stack=\toks21
LaTeX Info: Redefining \[ on input line 2817.
LaTeX Info: Redefining \] on input line 2818.
)
(c:/texlive/2016/texmf-dist/tex/platex/base/ascmac.sty
Package: ascmac 2016/08/21 v2.0c ascmac wrapper (community edition) 

(c:/texlive/2016/texmf-dist/tex/platex/base/tascmac.sty
Package: tascmac 2016/08/21 v2.0c ascmac package (community edition) 
\@savetbaselineshift=\dimen137
\@saveybaselineshift=\dimen138
\scb@x=\box43
\scscb@x=\box44
\@bw=\dimen139
\@nbox=\box45
\@nbody=\box46
\@scw=\dimen140
\@itemh=\dimen141
\@iboxpos=\toks22
\@iboxstr=\box47
\@bwsp=\box48
\@@bwsp=\box49
\@bcal=\count105
\shaderule=\dimen142
))
(c:/texlive/2016/texmf-dist/tex/latex/amsfonts/amssymb.sty
Package: amssymb 2013/01/14 v3.01 AMS font symbols

(c:/texlive/2016/texmf-dist/tex/latex/amsfonts/amsfonts.sty
Package: amsfonts 2013/01/14 v3.01 Basic AMSFonts support
\symAMSa=\mathgroup4
\symAMSb=\mathgroup5
LaTeX Font Info:    Overwriting math alphabet `\mathfrak' in version `bold'
(Font)                  U/euf/m/n --> U/euf/b/n on input line 106.
))
(c:/texlive/2016/texmf-dist/tex/latex/mathtools/mathtools.sty
Package: mathtools 2015/11/12 v1.18 mathematical typesetting tools

(c:/texlive/2016/texmf-dist/tex/latex/tools/calc.sty
Package: calc 2014/10/28 v4.3 Infix arithmetic (KKT,FJ)
\calc@Acount=\count106
\calc@Bcount=\count107
\calc@Adimen=\dimen143
\calc@Bdimen=\dimen144
\calc@Askip=\skip46
\calc@Bskip=\skip47
LaTeX Info: Redefining \setlength on input line 80.
LaTeX Info: Redefining \addtolength on input line 81.
\calc@Ccount=\count108
\calc@Cskip=\skip48
)
(c:/texlive/2016/texmf-dist/tex/latex/mathtools/mhsetup.sty
Package: mhsetup 2010/01/21 v1.2a programming setup (MH)
)
LaTeX Info: Thecontrolsequence`\('isalreadyrobust on input line 129.
LaTeX Info: Thecontrolsequence`\)'isalreadyrobust on input line 129.
LaTeX Info: Thecontrolsequence`\['isalreadyrobust on input line 129.
LaTeX Info: Thecontrolsequence`\]'isalreadyrobust on input line 129.
\g_MT_multlinerow_int=\count109
\l_MT_multwidth_dim=\dimen145
\origjot=\skip49
\l_MT_shortvdotswithinadjustabove_dim=\dimen146
\l_MT_shortvdotswithinadjustbelow_dim=\dimen147
\l_MT_above_intertext_sep=\dimen148
\l_MT_below_intertext_sep=\dimen149
\l_MT_above_shortintertext_sep=\dimen150
\l_MT_below_shortintertext_sep=\dimen151
)
(c:/texlive/2016/texmf-dist/tex/latex/graphics/graphicx.sty
Package: graphicx 2014/10/28 v1.0g Enhanced LaTeX Graphics (DPC,SPQR)

(c:/texlive/2016/texmf-dist/tex/latex/graphics/graphics.sty
Package: graphics 2016/10/09 v1.0u Standard LaTeX Graphics (DPC,SPQR)

(c:/texlive/2016/texmf-dist/tex/latex/graphics/trig.sty
Package: trig 2016/01/03 v1.10 sin cos tan (DPC)
)
(c:/texlive/2016/texmf-dist/tex/latex/graphics-cfg/graphics.cfg
File: graphics.cfg 2016/06/04 v1.11 sample graphics configuration
)
Package graphics Info: Driver file: dvipdfmx.def on input line 99.

(c:/texlive/2016/texmf-dist/tex/latex/graphics-def/dvipdfmx.def
File: dvipdfmx.def 2016/07/11 v4.12 LaTeX color/graphics driver for dvipdfmx (L
3/ChoF)
))
\Gin@req@height=\dimen152
\Gin@req@width=\dimen153
)
(c:/texlive/2016/texmf-dist/tex/latex/pgf/frontendlayer/tikz.sty
(c:/texlive/2016/texmf-dist/tex/latex/pgf/basiclayer/pgf.sty
(c:/texlive/2016/texmf-dist/tex/latex/pgf/utilities/pgfrcs.sty
(c:/texlive/2016/texmf-dist/tex/generic/pgf/utilities/pgfutil-common.tex
\pgfutil@everybye=\toks23
\pgfutil@tempdima=\dimen154
\pgfutil@tempdimb=\dimen155

(c:/texlive/2016/texmf-dist/tex/generic/pgf/utilities/pgfutil-common-lists.tex)
) (c:/texlive/2016/texmf-dist/tex/generic/pgf/utilities/pgfutil-latex.def
\pgfutil@abb=\box50

(c:/texlive/2016/texmf-dist/tex/latex/ms/everyshi.sty
Package: everyshi 2001/05/15 v3.00 EveryShipout Package (MS)
))
(c:/texlive/2016/texmf-dist/tex/generic/pgf/utilities/pgfrcs.code.tex
Package: pgfrcs 2015/08/07 v3.0.1a (rcs-revision 1.31)
))
Package: pgf 2015/08/07 v3.0.1a (rcs-revision 1.15)

(c:/texlive/2016/texmf-dist/tex/latex/pgf/basiclayer/pgfcore.sty
(c:/texlive/2016/texmf-dist/tex/latex/pgf/systemlayer/pgfsys.sty
(c:/texlive/2016/texmf-dist/tex/generic/pgf/systemlayer/pgfsys.code.tex
Package: pgfsys 2014/07/09 v3.0.1a (rcs-revision 1.48)

(c:/texlive/2016/texmf-dist/tex/generic/pgf/utilities/pgfkeys.code.tex
\pgfkeys@pathtoks=\toks24
\pgfkeys@temptoks=\toks25

(c:/texlive/2016/texmf-dist/tex/generic/pgf/utilities/pgfkeysfiltered.code.tex
\pgfkeys@tmptoks=\toks26
))
\pgf@x=\dimen156
\pgf@y=\dimen157
\pgf@xa=\dimen158
\pgf@ya=\dimen159
\pgf@xb=\dimen160
\pgf@yb=\dimen161
\pgf@xc=\dimen162
\pgf@yc=\dimen163
\w@pgf@writea=\write3
\r@pgf@reada=\read1
\c@pgf@counta=\count110
\c@pgf@countb=\count111
\c@pgf@countc=\count112
\c@pgf@countd=\count113
\t@pgf@toka=\toks27
\t@pgf@tokb=\toks28
\t@pgf@tokc=\toks29
 (c:/texlive/2016/texmf-dist/tex/generic/pgf/systemlayer/pgf.cfg
File: pgf.cfg 2008/05/14  (rcs-revision 1.7)
)
Driver file for pgf: pgfsys-dvipdfmx.def

(c:/texlive/2016/texmf-dist/tex/generic/pgf/systemlayer/pgfsys-dvipdfmx.def
File: pgfsys-dvipdfmx.def 2014/07/09  (rcs-revision 1.14)

(c:/texlive/2016/texmf-dist/tex/generic/pgf/systemlayer/pgfsys-common-pdf.def
File: pgfsys-common-pdf.def 2013/10/10  (rcs-revision 1.13)
)
\pgfsys@objnum=\count114
))
(c:/texlive/2016/texmf-dist/tex/generic/pgf/systemlayer/pgfsyssoftpath.code.tex
File: pgfsyssoftpath.code.tex 2013/09/09  (rcs-revision 1.9)
\pgfsyssoftpath@smallbuffer@items=\count115
\pgfsyssoftpath@bigbuffer@items=\count116
)
(c:/texlive/2016/texmf-dist/tex/generic/pgf/systemlayer/pgfsysprotocol.code.tex
File: pgfsysprotocol.code.tex 2006/10/16  (rcs-revision 1.4)
)) (c:/texlive/2016/texmf-dist/tex/latex/xcolor/xcolor.sty
Package: xcolor 2016/05/11 v2.12 LaTeX color extensions (UK)

(c:/texlive/2016/texmf-dist/tex/latex/graphics-cfg/color.cfg
File: color.cfg 2016/01/02 v1.6 sample color configuration
)
Package xcolor Info: Driver file: dvips.def on input line 225.

(c:/texlive/2016/texmf-dist/tex/latex/graphics-def/dvips.def
File: dvips.def 2016/07/10 v3.1a Driver-dependent file (DPC,SPQR)
)
Package xcolor Info: Model `cmy' substituted by `cmy0' on input line 1348.
Package xcolor Info: Model `RGB' extended on input line 1364.
Package xcolor Info: Model `HTML' substituted by `rgb' on input line 1366.
Package xcolor Info: Model `Hsb' substituted by `hsb' on input line 1367.
Package xcolor Info: Model `tHsb' substituted by `hsb' on input line 1368.
Package xcolor Info: Model `HSB' substituted by `hsb' on input line 1369.
Package xcolor Info: Model `Gray' substituted by `gray' on input line 1370.
Package xcolor Info: Model `wave' substituted by `hsb' on input line 1371.
)
(c:/texlive/2016/texmf-dist/tex/generic/pgf/basiclayer/pgfcore.code.tex
Package: pgfcore 2010/04/11 v3.0.1a (rcs-revision 1.7)

(c:/texlive/2016/texmf-dist/tex/generic/pgf/math/pgfmath.code.tex
(c:/texlive/2016/texmf-dist/tex/generic/pgf/math/pgfmathcalc.code.tex
(c:/texlive/2016/texmf-dist/tex/generic/pgf/math/pgfmathutil.code.tex)
(c:/texlive/2016/texmf-dist/tex/generic/pgf/math/pgfmathparser.code.tex
\pgfmath@dimen=\dimen164
\pgfmath@count=\count117
\pgfmath@box=\box51
\pgfmath@toks=\toks30
\pgfmath@stack@operand=\toks31
\pgfmath@stack@operation=\toks32
)
(c:/texlive/2016/texmf-dist/tex/generic/pgf/math/pgfmathfunctions.code.tex
(c:/texlive/2016/texmf-dist/tex/generic/pgf/math/pgfmathfunctions.basic.code.te
x)
(c:/texlive/2016/texmf-dist/tex/generic/pgf/math/pgfmathfunctions.trigonometric
.code.tex)
(c:/texlive/2016/texmf-dist/tex/generic/pgf/math/pgfmathfunctions.random.code.t
ex)
(c:/texlive/2016/texmf-dist/tex/generic/pgf/math/pgfmathfunctions.comparison.co
de.tex)
(c:/texlive/2016/texmf-dist/tex/generic/pgf/math/pgfmathfunctions.base.code.tex
)
(c:/texlive/2016/texmf-dist/tex/generic/pgf/math/pgfmathfunctions.round.code.te
x)
(c:/texlive/2016/texmf-dist/tex/generic/pgf/math/pgfmathfunctions.misc.code.tex
)
(c:/texlive/2016/texmf-dist/tex/generic/pgf/math/pgfmathfunctions.integerarithm
etics.code.tex)))
(c:/texlive/2016/texmf-dist/tex/generic/pgf/math/pgfmathfloat.code.tex
\c@pgfmathroundto@lastzeros=\count118
))
(c:/texlive/2016/texmf-dist/tex/generic/pgf/basiclayer/pgfcorepoints.code.tex
File: pgfcorepoints.code.tex 2013/10/07  (rcs-revision 1.27)
\pgf@picminx=\dimen165
\pgf@picmaxx=\dimen166
\pgf@picminy=\dimen167
\pgf@picmaxy=\dimen168
\pgf@pathminx=\dimen169
\pgf@pathmaxx=\dimen170
\pgf@pathminy=\dimen171
\pgf@pathmaxy=\dimen172
\pgf@xx=\dimen173
\pgf@xy=\dimen174
\pgf@yx=\dimen175
\pgf@yy=\dimen176
\pgf@zx=\dimen177
\pgf@zy=\dimen178
)
(c:/texlive/2016/texmf-dist/tex/generic/pgf/basiclayer/pgfcorepathconstruct.cod
e.tex
File: pgfcorepathconstruct.code.tex 2013/10/07  (rcs-revision 1.29)
\pgf@path@lastx=\dimen179
\pgf@path@lasty=\dimen180
)
(c:/texlive/2016/texmf-dist/tex/generic/pgf/basiclayer/pgfcorepathusage.code.te
x
File: pgfcorepathusage.code.tex 2014/11/02  (rcs-revision 1.24)
\pgf@shorten@end@additional=\dimen181
\pgf@shorten@start@additional=\dimen182
)
(c:/texlive/2016/texmf-dist/tex/generic/pgf/basiclayer/pgfcorescopes.code.tex
File: pgfcorescopes.code.tex 2015/05/08  (rcs-revision 1.46)
\pgfpic=\box52
\pgf@hbox=\box53
\pgf@layerbox@main=\box54
\pgf@picture@serial@count=\count119
)
(c:/texlive/2016/texmf-dist/tex/generic/pgf/basiclayer/pgfcoregraphicstate.code
.tex
File: pgfcoregraphicstate.code.tex 2014/11/02  (rcs-revision 1.12)
\pgflinewidth=\dimen183
)
(c:/texlive/2016/texmf-dist/tex/generic/pgf/basiclayer/pgfcoretransformations.c
ode.tex
File: pgfcoretransformations.code.tex 2015/08/07  (rcs-revision 1.20)
\pgf@pt@x=\dimen184
\pgf@pt@y=\dimen185
\pgf@pt@temp=\dimen186
)
(c:/texlive/2016/texmf-dist/tex/generic/pgf/basiclayer/pgfcorequick.code.tex
File: pgfcorequick.code.tex 2008/10/09  (rcs-revision 1.3)
)
(c:/texlive/2016/texmf-dist/tex/generic/pgf/basiclayer/pgfcoreobjects.code.tex
File: pgfcoreobjects.code.tex 2006/10/11  (rcs-revision 1.2)
)
(c:/texlive/2016/texmf-dist/tex/generic/pgf/basiclayer/pgfcorepathprocessing.co
de.tex
File: pgfcorepathprocessing.code.tex 2013/09/09  (rcs-revision 1.9)
)
(c:/texlive/2016/texmf-dist/tex/generic/pgf/basiclayer/pgfcorearrows.code.tex
File: pgfcorearrows.code.tex 2015/05/14  (rcs-revision 1.43)
\pgfarrowsep=\dimen187
)
(c:/texlive/2016/texmf-dist/tex/generic/pgf/basiclayer/pgfcoreshade.code.tex
File: pgfcoreshade.code.tex 2013/07/15  (rcs-revision 1.15)
\pgf@max=\dimen188
\pgf@sys@shading@range@num=\count120
)
(c:/texlive/2016/texmf-dist/tex/generic/pgf/basiclayer/pgfcoreimage.code.tex
File: pgfcoreimage.code.tex 2013/07/15  (rcs-revision 1.18)

(c:/texlive/2016/texmf-dist/tex/generic/pgf/basiclayer/pgfcoreexternal.code.tex
File: pgfcoreexternal.code.tex 2014/07/09  (rcs-revision 1.21)
\pgfexternal@startupbox=\box55
))
(c:/texlive/2016/texmf-dist/tex/generic/pgf/basiclayer/pgfcorelayers.code.tex
File: pgfcorelayers.code.tex 2013/07/18  (rcs-revision 1.7)
)
(c:/texlive/2016/texmf-dist/tex/generic/pgf/basiclayer/pgfcoretransparency.code
.tex
File: pgfcoretransparency.code.tex 2013/09/30  (rcs-revision 1.5)
)
(c:/texlive/2016/texmf-dist/tex/generic/pgf/basiclayer/pgfcorepatterns.code.tex
File: pgfcorepatterns.code.tex 2013/11/07  (rcs-revision 1.5)
)))
(c:/texlive/2016/texmf-dist/tex/generic/pgf/modules/pgfmoduleshapes.code.tex
File: pgfmoduleshapes.code.tex 2014/03/21  (rcs-revision 1.35)
\pgfnodeparttextbox=\box56
)
(c:/texlive/2016/texmf-dist/tex/generic/pgf/modules/pgfmoduleplot.code.tex
File: pgfmoduleplot.code.tex 2015/08/03  (rcs-revision 1.13)
)
(c:/texlive/2016/texmf-dist/tex/latex/pgf/compatibility/pgfcomp-version-0-65.st
y
Package: pgfcomp-version-0-65 2007/07/03 v3.0.1a (rcs-revision 1.7)
\pgf@nodesepstart=\dimen189
\pgf@nodesepend=\dimen190
)
(c:/texlive/2016/texmf-dist/tex/latex/pgf/compatibility/pgfcomp-version-1-18.st
y
Package: pgfcomp-version-1-18 2007/07/23 v3.0.1a (rcs-revision 1.1)
)) (c:/texlive/2016/texmf-dist/tex/latex/pgf/utilities/pgffor.sty
(c:/texlive/2016/texmf-dist/tex/latex/pgf/utilities/pgfkeys.sty
(c:/texlive/2016/texmf-dist/tex/generic/pgf/utilities/pgfkeys.code.tex))
(c:/texlive/2016/texmf-dist/tex/latex/pgf/math/pgfmath.sty
(c:/texlive/2016/texmf-dist/tex/generic/pgf/math/pgfmath.code.tex))
(c:/texlive/2016/texmf-dist/tex/generic/pgf/utilities/pgffor.code.tex
Package: pgffor 2013/12/13 v3.0.1a (rcs-revision 1.25)

(c:/texlive/2016/texmf-dist/tex/generic/pgf/math/pgfmath.code.tex)
\pgffor@iter=\dimen191
\pgffor@skip=\dimen192
\pgffor@stack=\toks33
\pgffor@toks=\toks34
))
(c:/texlive/2016/texmf-dist/tex/generic/pgf/frontendlayer/tikz/tikz.code.tex
Package: tikz 2015/08/07 v3.0.1a (rcs-revision 1.151)

(c:/texlive/2016/texmf-dist/tex/generic/pgf/libraries/pgflibraryplothandlers.co
de.tex
File: pgflibraryplothandlers.code.tex 2013/08/31 v3.0.1a (rcs-revision 1.20)
\pgf@plot@mark@count=\count121
\pgfplotmarksize=\dimen193
)
\tikz@lastx=\dimen194
\tikz@lasty=\dimen195
\tikz@lastxsaved=\dimen196
\tikz@lastysaved=\dimen197
\tikzleveldistance=\dimen198
\tikzsiblingdistance=\dimen199
\tikz@figbox=\box57
\tikz@figbox@bg=\box58
\tikz@tempbox=\box59
\tikz@tempbox@bg=\box60
\tikztreelevel=\count122
\tikznumberofchildren=\count123
\tikznumberofcurrentchild=\count124
\tikz@fig@count=\count125

(c:/texlive/2016/texmf-dist/tex/generic/pgf/modules/pgfmodulematrix.code.tex
File: pgfmodulematrix.code.tex 2013/09/17  (rcs-revision 1.8)
\pgfmatrixcurrentrow=\count126
\pgfmatrixcurrentcolumn=\count127
\pgf@matrix@numberofcolumns=\count128
)
\tikz@expandcount=\count129

(c:/texlive/2016/texmf-dist/tex/generic/pgf/frontendlayer/tikz/libraries/tikzli
brarytopaths.code.tex
File: tikzlibrarytopaths.code.tex 2008/06/17 v3.0.1a (rcs-revision 1.2)
)))
(c:/texlive/2016/texmf-dist/tex/latex/pgfplots/pgfplots.sty
(c:/texlive/2016/texmf-dist/tex/generic/pgfplots/pgfplots.revision.tex)
Package: pgfplots 2016/08/10 v1.14 Data Visualization (1.14)

(c:/texlive/2016/texmf-dist/tex/generic/pgfplots/pgfplots.code.tex
(c:/texlive/2016/texmf-dist/tex/generic/pgfplots/pgfplotscore.code.tex
\t@pgfplots@toka=\toks35
\t@pgfplots@tokb=\toks36
\t@pgfplots@tokc=\toks37
\pgfplots@tmpa=\dimen256
\c@pgfplots@coordindex=\count130
\c@pgfplots@scanlineindex=\count131

(c:/texlive/2016/texmf-dist/tex/generic/pgfplots/sys/pgfplotssysgeneric.code.te
x))
(c:/texlive/2016/texmf-dist/tex/generic/pgfplots/libs/pgfplotslibrary.code.tex)

(c:/texlive/2016/texmf-dist/tex/generic/pgfplots/oldpgfcompatib/pgfplotsoldpgfs
upp_loader.code.tex
(c:/texlive/2016/texmf-dist/tex/generic/pgf/libraries/pgflibraryfpu.code.tex)
Package pgfplots: loading complementary arithmetics for your pgf version...

(c:/texlive/2016/texmf-dist/tex/generic/pgfplots/oldpgfcompatib/pgfplotsoldpgfs
upp_pgflibraryfpu.code.tex)
(c:/texlive/2016/texmf-dist/tex/generic/pgfplots/oldpgfcompatib/pgfplotsoldpgfs
upp_pgfmathfloat.code.tex
\c@pgfmathroundto@lastzeros=\count132
))
(c:/texlive/2016/texmf-dist/tex/generic/pgfplots/util/pgfplotsutil.code.tex
(c:/texlive/2016/texmf-dist/tex/generic/pgfplots/liststructure/pgfplotsliststru
cture.code.tex)
(c:/texlive/2016/texmf-dist/tex/generic/pgfplots/liststructure/pgfplotsliststru
ctureext.code.tex)
(c:/texlive/2016/texmf-dist/tex/generic/pgfplots/liststructure/pgfplotsarray.co
de.tex
\c@pgfplotsarray@tmp=\count133
)
(c:/texlive/2016/texmf-dist/tex/generic/pgfplots/liststructure/pgfplotsmatrix.c
ode.tex)
(c:/texlive/2016/texmf-dist/tex/generic/pgfplots/numtable/pgfplotstableshared.c
ode.tex
\c@pgfplotstable@counta=\count134
\t@pgfplotstable@a=\toks38
)
(c:/texlive/2016/texmf-dist/tex/generic/pgfplots/liststructure/pgfplotsdeque.co
de.tex)
(c:/texlive/2016/texmf-dist/tex/generic/pgfplots/util/pgfplotsbinary.code.tex
(c:/texlive/2016/texmf-dist/tex/generic/pgfplots/util/pgfplotsbinary.data.code.
tex))
(c:/texlive/2016/texmf-dist/tex/generic/pgfplots/util/pgfplotsutil.verb.code.te
x)
(c:/texlive/2016/texmf-dist/tex/generic/pgfplots/libs/pgflibrarypgfplots.surfsh
ading.code.tex
\c@pgfplotslibrarysurf@no=\count135

(c:/texlive/2016/texmf-dist/tex/generic/pgfplots/sys/pgflibrarypgfplots.surfsha
ding.pgfsys-dvipdfmx.def
\c@pgfplotslibrarysurf@streamlen=\count136
)))
(c:/texlive/2016/texmf-dist/tex/generic/pgfplots/util/pgfplotscolormap.code.tex
(c:/texlive/2016/texmf-dist/tex/generic/pgfplots/util/pgfplotscolor.code.tex))
(c:/texlive/2016/texmf-dist/tex/generic/pgfplots/pgfplotsstackedplots.code.tex)
(c:/texlive/2016/texmf-dist/tex/generic/pgfplots/pgfplotsplothandlers.code.tex
(c:/texlive/2016/texmf-dist/tex/generic/pgfplots/pgfplotsmeshplothandler.code.t
ex
(c:/texlive/2016/texmf-dist/tex/generic/pgfplots/pgfplotsmeshplotimage.code.tex
))) (c:/texlive/2016/texmf-dist/tex/generic/pgfplots/pgfplots.scaling.code.tex)

(c:/texlive/2016/texmf-dist/tex/generic/pgfplots/pgfplotscoordprocessing.code.t
ex)
(c:/texlive/2016/texmf-dist/tex/generic/pgfplots/pgfplots.errorbars.code.tex)
(c:/texlive/2016/texmf-dist/tex/generic/pgfplots/pgfplots.markers.code.tex)
(c:/texlive/2016/texmf-dist/tex/generic/pgfplots/pgfplotsticks.code.tex)
(c:/texlive/2016/texmf-dist/tex/generic/pgfplots/pgfplots.paths.code.tex)
(c:/texlive/2016/texmf-dist/tex/generic/pgf/frontendlayer/tikz/libraries/tikzli
brarydecorations.code.tex
(c:/texlive/2016/texmf-dist/tex/generic/pgf/modules/pgfmoduledecorations.code.t
ex
\pgfdecoratedcompleteddistance=\dimen257
\pgfdecoratedremainingdistance=\dimen258
\pgfdecoratedinputsegmentcompleteddistance=\dimen259
\pgfdecoratedinputsegmentremainingdistance=\dimen260
\pgf@decorate@distancetomove=\dimen261
\pgf@decorate@repeatstate=\count137
\pgfdecorationsegmentamplitude=\dimen262
\pgfdecorationsegmentlength=\dimen263
)
\tikz@lib@dec@box=\box61
)
(c:/texlive/2016/texmf-dist/tex/generic/pgf/frontendlayer/tikz/libraries/tikzli
brarydecorations.pathmorphing.code.tex
(c:/texlive/2016/texmf-dist/tex/generic/pgf/libraries/decorations/pgflibrarydec
orations.pathmorphing.code.tex))
(c:/texlive/2016/texmf-dist/tex/generic/pgf/frontendlayer/tikz/libraries/tikzli
brarydecorations.pathreplacing.code.tex
(c:/texlive/2016/texmf-dist/tex/generic/pgf/libraries/decorations/pgflibrarydec
orations.pathreplacing.code.tex))
\pgfplots@numplots=\count138
\pgfplots@xmin@reg=\dimen264
\pgfplots@xmax@reg=\dimen265
\pgfplots@ymin@reg=\dimen266
\pgfplots@ymax@reg=\dimen267
\pgfplots@zmin@reg=\dimen268
\pgfplots@zmax@reg=\dimen269
)
(c:/texlive/2016/texmf-dist/tex/generic/pgf/frontendlayer/tikz/libraries/tikzli
braryplotmarks.code.tex
File: tikzlibraryplotmarks.code.tex 2008/01/09 v3.0.1a (rcs-revision 1.1)

(c:/texlive/2016/texmf-dist/tex/generic/pgf/libraries/pgflibraryplotmarks.code.
tex
File: pgflibraryplotmarks.code.tex 2015/08/03 v3.0.1a (rcs-revision 1.14)
))) (c:/texlive/2016/texmf-dist/tex/latex/tools/theorem.sty
Package: theorem 2014/10/28 v2.2c Theorem extension package (FMi)
\theorem@style=\toks39
\theorem@bodyfont=\toks40
\theorempreskipamount=\skip50
\theorempostskipamount=\skip51

(c:/texlive/2016/texmf-dist/tex/latex/tools/thp.sty
File: thp.sty 2014/10/28 v2.2c Theorem extension package (FMi)
))
(c:/texlive/2016/texmf-dist/tex/latex/caption/caption.sty
Package: caption 2016/02/21 v3.3-144 Customizing captions (AR)

(c:/texlive/2016/texmf-dist/tex/latex/caption/caption3.sty
Package: caption3 2016/05/22 v1.7-166 caption3 kernel (AR)
Package caption3 Info: TeX engine: e-TeX on input line 67.
\captionmargin=\dimen270
\captionmargin@=\dimen271
\captionwidth=\dimen272
\caption@tempdima=\dimen273
\caption@indent=\dimen274
\caption@parindent=\dimen275
\caption@hangindent=\dimen276
)
\c@ContinuedFloat=\count139
)
(c:/texlive/2016/texmf-dist/tex/latex/l3packages/xparse/xparse.sty
(c:/texlive/2016/texmf-dist/tex/latex/l3kernel/expl3.sty
Package: expl3 2017/03/18 v7019 L3 programming layer (loader) 

(c:/texlive/2016/texmf-dist/tex/latex/l3kernel/expl3-code.tex
Package: expl3 2017/03/18 v7019 L3 programming layer (code)
\c_max_int=\count140
\l_tmpa_int=\count141
\l_tmpb_int=\count142
\g_tmpa_int=\count143
\g_tmpb_int=\count144
\g__prg_map_int=\count145
\c_log_iow=\count146
\l_iow_line_count_int=\count147
\l__iow_line_target_int=\count148
\l__iow_one_indent_int=\count149
\l__iow_indent_int=\count150
\c_zero_dim=\dimen277
\c_max_dim=\dimen278
\l_tmpa_dim=\dimen279
\l_tmpb_dim=\dimen280
\g_tmpa_dim=\dimen281
\g_tmpb_dim=\dimen282
\c_zero_skip=\skip52
\c_max_skip=\skip53
\l_tmpa_skip=\skip54
\l_tmpb_skip=\skip55
\g_tmpa_skip=\skip56
\g_tmpb_skip=\skip57
\c_zero_muskip=\muskip11
\c_max_muskip=\muskip12
\l_tmpa_muskip=\muskip13
\l_tmpb_muskip=\muskip14
\g_tmpa_muskip=\muskip15
\g_tmpb_muskip=\muskip16
\l_keys_choice_int=\count151
\c__fp_leading_shift_int=\count152
\c__fp_middle_shift_int=\count153
\c__fp_trailing_shift_int=\count154
\c__fp_big_leading_shift_int=\count155
\c__fp_big_middle_shift_int=\count156
\c__fp_big_trailing_shift_int=\count157
\c__fp_Bigg_leading_shift_int=\count158
\c__fp_Bigg_middle_shift_int=\count159
\c__fp_Bigg_trailing_shift_int=\count160
\l__sort_length_int=\count161
\l__sort_min_int=\count162
\l__sort_top_int=\count163
\l__sort_max_int=\count164
\l__sort_true_max_int=\count165
\l__sort_block_int=\count166
\l__sort_begin_int=\count167
\l__sort_end_int=\count168
\l__sort_A_int=\count169
\l__sort_B_int=\count170
\l__sort_C_int=\count171
\c_empty_box=\box62
\l_tmpa_box=\box63
\l_tmpb_box=\box64
\g_tmpa_box=\box65
\g_tmpb_box=\box66
\l__coffin_internal_box=\box67
\l__coffin_internal_dim=\dimen283
\l__coffin_offset_x_dim=\dimen284
\l__coffin_offset_y_dim=\dimen285
\l__coffin_x_dim=\dimen286
\l__coffin_y_dim=\dimen287
\l__coffin_x_prime_dim=\dimen288
\l__coffin_y_prime_dim=\dimen289
\c_empty_coffin=\box68
\l__coffin_aligned_coffin=\box69
\l__coffin_aligned_internal_coffin=\box70
\l_tmpa_coffin=\box71
\l_tmpb_coffin=\box72
\l__coffin_display_coffin=\box73
\l__coffin_display_coord_coffin=\box74
\l__coffin_display_pole_coffin=\box75
\l__coffin_display_offset_dim=\dimen290
\l__coffin_display_x_dim=\dimen291
\l__coffin_display_y_dim=\dimen292
\l__box_top_dim=\dimen293
\l__box_bottom_dim=\dimen294
\l__box_left_dim=\dimen295
\l__box_right_dim=\dimen296
\l__box_top_new_dim=\dimen297
\l__box_bottom_new_dim=\dimen298
\l__box_left_new_dim=\dimen299
\l__box_right_new_dim=\dimen300
\l__box_internal_box=\box76
\l__coffin_bounding_shift_dim=\dimen301
\l__coffin_left_corner_dim=\dimen302
\l__coffin_right_corner_dim=\dimen303
\l__coffin_bottom_corner_dim=\dimen304
\l__coffin_top_corner_dim=\dimen305
\l__coffin_scaled_total_height_dim=\dimen306
\l__coffin_scaled_width_dim=\dimen307
)
(c:/texlive/2016/texmf-dist/tex/latex/l3kernel/l3dvipdfmx.def
File: l3dvidpfmx.def 2017/03/18 v7019 L3 Experimental driver: dvipdfmx
\l__driver_tmp_box=\box77
))
Package: xparse 2017/03/18 v7019 L3 Experimental document command parser
\l__xparse_current_arg_int=\count172
\g__xparse_grabber_int=\count173
\l__xparse_m_args_int=\count174
\l__xparse_mandatory_args_int=\count175
\l__xparse_v_nesting_int=\count176
)
(c:/texlive/2016/texmf-dist/tex/generic/pgfplots/libs/tikzlibrarypgfplots.fillb
etween.code.tex
(c:/texlive/2016/texmf-dist/tex/generic/pgfplots/pgfcontrib/tikzlibraryfillbetw
een.code.tex
(c:/texlive/2016/texmf-dist/tex/generic/pgf/frontendlayer/tikz/libraries/tikzli
braryintersections.code.tex
(c:/texlive/2016/texmf-dist/tex/generic/pgf/libraries/pgflibraryintersections.c
ode.tex
\pgf@intersect@solutions=\count177
))
(c:/texlive/2016/texmf-dist/tex/generic/pgfplots/pgfcontrib/tikzlibrarydecorati
ons.softclip.code.tex
(c:/texlive/2016/texmf-dist/tex/generic/pgfplots/pgfcontrib/pgflibraryfillbetwe
en.code.tex)))
(c:/texlive/2016/texmf-dist/tex/generic/pgfplots/libs/tikzlibrarypgfplots.decor
ations.softclip.code.tex))
(c:/texlive/2016/texmf-dist/tex/latex/comment/comment.sty
\CommentStream=\write4

Excluding comment 'comment')
(c:/texlive/2016/texmf-dist/tex/latex/natbib/natbib.sty
Package: natbib 2010/09/13 8.31b (PWD, AO)
\bibhang=\skip58
\bibsep=\skip59
LaTeX Info: Redefining \cite on input line 694.
\c@NAT@ctr=\count178
))
(c:/texlive/2016/texmf-dist/tex/latex/enumitem/enumitem.sty
Package: enumitem 2011/09/28 v3.5.2 Customized lists
\labelindent=\skip60
\enit@outerparindent=\dimen308
\enit@toks=\toks41
\enit@inbox=\box78
\enitdp@description=\count179
)
(c:/texlive/2016/texmf-dist/tex/latex/tools/dcolumn.sty
Package: dcolumn 2014/10/28 v1.06 decimal alignment package (DPC)

(c:/texlive/2016/texmf-dist/tex/latex/tools/array.sty
Package: array 2016/10/06 v2.4d Tabular extension package (FMi)
\col@sep=\dimen309
\extrarowheight=\dimen310
\NC@list=\toks42
\extratabsurround=\skip61
\backup@length=\skip62
))
(c:/texlive/2016/texmf-dist/tex/latex/jknapltx/mathrsfs.sty
Package: mathrsfs 1996/01/01 Math RSFS package v1.0 (jk)
\symrsfs=\mathgroup6
)
(c:/texlive/2016/texmf-dist/tex/latex/titlesec/titlesec.sty
Package: titlesec 2016/03/21 v2.10.2 Sectioning titles
\ttl@box=\box79
\beforetitleunit=\skip63
\aftertitleunit=\skip64
\ttl@plus=\dimen311
\ttl@minus=\dimen312
\ttl@toksa=\toks43
\titlewidth=\dimen313
\titlewidthlast=\dimen314
\titlewidthfirst=\dimen315
)
(c:/texlive/2016/texmf-dist/tex/latex/appendix/appendix.sty
Package: appendix 2009/09/02 v1.2b extra appendix facilities
\c@@pps=\count180
\c@@ppsavesec=\count181
\c@@ppsaveapp=\count182
)
(c:/texlive/2016/texmf-dist/tex/latex/tools/longtable.sty
Package: longtable 2014/10/28 v4.11 Multi-page Table package (DPC)
\LTleft=\skip65
\LTright=\skip66
\LTpre=\skip67
\LTpost=\skip68
\LTchunksize=\count183
\LTcapwidth=\dimen316
\LT@head=\box80
\LT@firsthead=\box81
\LT@foot=\box82
\LT@lastfoot=\box83
\LT@cols=\count184
\LT@rows=\count185
\c@LT@tables=\count186
\c@LT@chunks=\count187
\LT@p@ftn=\toks44
)
(c:/texlive/2016/texmf-dist/tex/latex/threeparttable/threeparttable.sty
Package: threeparttable 2003/06/13  v 3.0
\@tempboxb=\box84
)
(c:/texlive/2016/texmf-dist/tex/latex/graphics/rotating.sty
Package: rotating 2016/08/11 v2.16d rotated objects in LaTeX

(c:/texlive/2016/texmf-dist/tex/latex/base/ifthen.sty
Package: ifthen 2014/09/29 v1.1c Standard LaTeX ifthen package (DPC)
)
\c@r@tfl@t=\count188
\rotFPtop=\skip69
\rotFPbot=\skip70
\rot@float@box=\box85
\rot@mess@toks=\toks45
)
(c:/texlive/2016/texmf-dist/tex/latex/preprint/authblk.sty
Package: authblk 2001/02/27 1.3 (PWD)
\affilsep=\skip71
\@affilsep=\skip72
\c@Maxaffil=\count189
\c@authors=\count190
\c@affil=\count191
)
(c:/texlive/2016/texmf-dist/tex/latex/setspace/setspace.sty
Package: setspace 2011/12/19 v6.7a set line spacing
)
(c:/texlive/2016/texmf-dist/tex/latex/nopageno/nopageno.sty
Package: nopageno 1989/01/01 no page numbers (DPC)
)
(c:/texlive/2016/texmf-dist/tex/latex/oberdiek/pdflscape.sty
Package: pdflscape 2016/05/14 v0.11 Display of landscape pages in PDF (HO)

(c:/texlive/2016/texmf-dist/tex/latex/graphics/lscape.sty
Package: lscape 2000/10/22 v3.01 Landscape Pages (DPC)
)
Package pdflscape Info: Auto-detected driver: dvips (dvips) on input line 125.

(c:/texlive/2016/texmf-dist/tex/generic/oberdiek/atbegshi.sty
Package: atbegshi 2016/06/09 v1.18 At begin shipout hook (HO)

(c:/texlive/2016/texmf-dist/tex/generic/oberdiek/infwarerr.sty
Package: infwarerr 2016/05/16 v1.4 Providing info/warning/error messages (HO)
)
(c:/texlive/2016/texmf-dist/tex/generic/oberdiek/ltxcmds.sty
Package: ltxcmds 2016/05/16 v1.23 LaTeX kernel commands for general use (HO)
)))

LaTeX Warning: Unused global option(s):
    [uplatex].

(./table_plot.aux)
\openout1 = `table_plot.aux'.

LaTeX Font Info:    Checking defaults for OML/cmm/m/it on input line 19.
LaTeX Font Info:    ... okay on input line 19.
LaTeX Font Info:    Checking defaults for T1/cmr/m/n on input line 19.
LaTeX Font Info:    ... okay on input line 19.
LaTeX Font Info:    Checking defaults for OT1/cmr/m/n on input line 19.
LaTeX Font Info:    ... okay on input line 19.
LaTeX Font Info:    Checking defaults for OMS/cmsy/m/n on input line 19.
LaTeX Font Info:    ... okay on input line 19.
LaTeX Font Info:    Checking defaults for OMX/cmex/m/n on input line 19.
LaTeX Font Info:    ... okay on input line 19.
LaTeX Font Info:    Checking defaults for U/cmr/m/n on input line 19.
LaTeX Font Info:    ... okay on input line 19.
LaTeX Font Info:    Checking defaults for JY1/mc/m/n on input line 19.
LaTeX Font Info:    ... okay on input line 19.
LaTeX Font Info:    Checking defaults for JT1/mc/m/n on input line 19.
LaTeX Font Info:    ... okay on input line 19.

*geometry* driver: auto-detecting
*geometry* detected driver: dvips
*geometry* verbose mode - [ preamble ] result:
* driver: dvips
* paper: a4paper
* layout: <same size as paper>
* layoutoffset:(h,v)=(0.0pt,0.0pt)
* modes: 
* h-part:(L,W,R)=(20.00003pt, 487.88075pt, 89.62709pt)
* v-part:(T,H,B)=(101.40665pt, 591.5302pt, 152.11pt)
* \paperwidth=597.50787pt
* \paperheight=845.04684pt
* \textwidth=487.88075pt
* \textheight=591.5302pt
* \oddsidemargin=-52.26996pt
* \evensidemargin=-52.26996pt
* \topmargin=-7.86334pt
* \headheight=28.45274pt
* \headsep=0.0pt
* \topskip=0.0pt
* \footskip=30.0pt
* \marginparwidth=57.0pt
* \marginparsep=11.0pt
* \columnsep=10.0pt
* \skip\footins=9.0pt plus 4.0pt minus 2.0pt
* \hoffset=0.0pt
* \voffset=0.0pt
* \mag=1000
* \@twocolumnfalse
* \@twosidefalse
* \@mparswitchfalse
* \@reversemarginfalse
* (1in=72.27pt=25.4mm, 1cm=28.453pt)

ABD: EveryShipout initializing macros

Package pgfplots Warning: running in backwards compatibility mode (unsuitable t
ick labels; missing features). Consider writing \pgfplotsset{compat=1.14} into 
your preamble.
 on input line 19.

Package caption Info: Begin \AtBeginDocument code.
Package caption Info: longtable package is loaded.
(c:/texlive/2016/texmf-dist/tex/latex/caption/ltcaption.sty
Package: ltcaption 2013/06/09 v1.4-94 longtable captions (AR)
)
Package caption Info: rotating package is loaded.
Package caption Info: threeparttable package is loaded.
Package caption Info: End \AtBeginDocument code.
\AtBeginShipoutBox=\box86
LaTeX Font Info:    Try loading font information for U+msa on input line 28.

(c:/texlive/2016/texmf-dist/tex/latex/amsfonts/umsa.fd
File: umsa.fd 2013/01/14 v3.01 AMS symbols A
)
LaTeX Font Info:    Try loading font information for U+msb on input line 28.

(c:/texlive/2016/texmf-dist/tex/latex/amsfonts/umsb.fd
File: umsb.fd 2013/01/14 v3.01 AMS symbols B
)
LaTeX Font Info:    Try loading font information for U+rsfs on input line 28.

(c:/texlive/2016/texmf-dist/tex/latex/jknapltx/ursfs.fd
File: ursfs.fd 1998/03/24 rsfs font definition file (jk)
)
LaTeX Font Info:    Font shape `JT1/mc/bx/n' in size <9> not available
(Font)              Font shape `JT1/gt/m/n' tried instead on input line 68.
LaTeX Font Info:    Font shape `JY1/mc/bx/n' in size <9> not available
(Font)              Font shape `JY1/gt/m/n' tried instead on input line 68.


LaTeX Warning: Reference `wage' on page 1 undefined on input line 68.


Overfull \hbox (49.0783pt too wide) in paragraph at lines 26--71
 [] 
 []

File: plot_as_emp_2.pdf Graphic file (type pdf)
<plot_as_emp_2.pdf>
File: plot_as_emp_3.pdf Graphic file (type pdf)
 <plot_as_emp_3.pdf>
File: plot_as_emp_4.pdf Graphic file (type pdf)
 <plot_as_emp_4.pdf>

LaTeX Warning: Float too large for page by 49.17528pt on input line 77.


LaTeX Warning: `h' float specifier changed to `ht'.

LaTeX Font Info:    Try loading font information for OMS+cmr on input line 80.
(c:/texlive/2016/texmf-dist/tex/latex/base/omscmr.fd
File: omscmr.fd 2014/09/29 v2.5h Standard LaTeX font definitions
)
LaTeX Font Info:    Font shape `OMS/cmr/m/n' in size <10> not available
(Font)              Font shape `OMS/cmsy/m/n' tried instead on input line 80.


LaTeX Warning: Reference `wage' on page 1 undefined on input line 145.


Overfull \hbox (53.09224pt too wide) in paragraph at lines 91--148
 [] 
 []

File: plot_as_empocc_2.pdf Graphic file (type pdf)
<plot_as_empocc_2.pdf>
File: plot_as_empocc_3.pdf Graphic file (type pdf)
 <plot_as_empocc_3.pdf>
File: plot_as_empocc_4.pdf Graphic file (type pdf)
 <plot_as_empocc_4.pdf>

LaTeX Warning: Float too large for page by 49.17528pt on input line 154.


LaTeX Warning: `h' float specifier changed to `ht'.


LaTeX Warning: Reference `wage' on page 1 undefined on input line 197.


LaTeX Warning: Reference `wage' on page 1 undefined on input line 243.


LaTeX Warning: Reference `wage' on page 1 undefined on input line 297.

File: plot_as_dm.pdf Graphic file (type pdf)
<plot_as_dm.pdf>

LaTeX Warning: `h' float specifier changed to `ht'.

[1

] [2] [3] [4] [5]

LaTeX Warning: Reference `wage' on page 6 undefined on input line 364.


Overfull \hbox (89.00891pt too wide) in paragraph at lines 318--367
 [] 
 []

[6] [7] [8] [9]

LaTeX Warning: Reference `wage' on page 10 undefined on input line 410.


Overfull \hbox (40.10959pt too wide) in paragraph at lines 376--413
 [] 
 []

[10]

LaTeX Warning: Reference `wage' on page 11 undefined on input line 453.


Overfull \hbox (49.37346pt too wide) in paragraph at lines 419--456
 [] 
 []

[11]
File: plot_as_emp_sc.pdf Graphic file (type pdf)
 <plot_as_emp_sc.pdf>
File: plot_as_emp_rg.pdf Graphic file (type pdf)
 <plot_as_emp_rg.pdf>
File: plot_as_emp_si.pdf Graphic file (type pdf)
 <plot_as_emp_si.pdf>

LaTeX Warning: Float too large for page by 49.17528pt on input line 463.


LaTeX Warning: `h' float specifier changed to `ht'.

[12




] [13]

LaTeX Warning: Reference `wage' on page 14 undefined on input line 506.

[14]

LaTeX Warning: Reference `wage' on page 15 undefined on input line 549.

[15]
File: plot_as_emp_rob.pdf Graphic file (type pdf)
 <plot_as_emp_rob.pdf>
LaTeX Font Info:    Font shape `JT1/mc/bx/n' in size <10> not available
(Font)              Font shape `JT1/gt/m/n' tried instead on input line 572.
LaTeX Font Info:    Font shape `JY1/mc/bx/n' in size <10> not available
(Font)              Font shape `JY1/gt/m/n' tried instead on input line 572.


LaTeX Warning: Reference `wage' on page 16 undefined on input line 603.

[16




] [17] (./table_plot.aux)

LaTeX Warning: There were undefined references.

 ) 
Here is how much of TeX's memory you used:
 32755 strings out of 493683
 781547 string characters out of 6152642
 933463 words of memory out of 5000000
 35790 multiletter control sequences out of 15000+600000
 15237 words of font info for 65 fonts, out of 8000000 for 9000
 929 hyphenation exceptions out of 8191
 69i,12n,98p,10416b,609s stack positions out of 5000i,500n,10000p,200000b,80000s

Output written on table_plot.dvi (17 pages, 41780 bytes).
